modules/ai/features/services/ai.service.ts(56,59): error TS2339: Property 'summary' does not exist on type '{}'.
modules/ai/features/services/ai.service.ts(56,100): error TS2339: Property 'summary' does not exist on type '{}'.
modules/ai/features/services/ai.service.ts(56,138): error TS2339: Property 'summary' does not exist on type '{}'.
modules/auth/features/components/RegisterWizard.tsx(6,32): error TS2307: Cannot find module '../../modules/services/modules.service' or its corresponding type declarations.
modules/auth/features/components/RegisterWizard.tsx(7,27): error TS2307: Cannot find module '../../modules/modules.types' or its corresponding type declarations.
modules/dashboard/features/services/dashboard.service.ts(2,10): error TS2305: Module '"@/modules/ai/features/services/ai.service"' has no exported member 'getGhzAssistantInsights'.
modules/dashboard/features/services/dashboard.service.ts(23,13): error TS2339: Property 'transactions' does not exist on type '{}'.
modules/dashboard/features/services/dashboard.service.ts(23,27): error TS2339: Property 'tasks' does not exist on type '{}'.
modules/dashboard/features/services/dashboard.service.ts(23,34): error TS2339: Property 'health' does not exist on type '{}'.
modules/finance/features/hooks/useFinance.ts(18,30): error TS2339: Property 'transactions' does not exist on type '{}'.
modules/finance/features/hooks/useFinance.ts(19,25): error TS2339: Property 'summary' does not exist on type '{}'.
modules/settings/features/components/EditProfileView.tsx(4,39): error TS2307: Cannot find module '@/modules/auth/domain/constants' or its corresponding type declarations.
modules/settings/features/hooks/useEditProfile.ts(3,31): error TS2307: Cannot find module '@/modules/auth/domain/auth.types' or its corresponding type declarations.
